2024-01-27T15:58:02.174Z | INFO   | Server started in PORT | 3001
2024-01-27T15:58:02.180Z | ERROR  | DB Connection Fail | MongooseError: The `uri` parameter to `openUri()` must be a string, got "undefined". Make sure the first parameter to `mongoose.connect()` or `mongoose.createConnection()` is a string.
    at Connection.openUri (C:\SplitApp\node_modules\mongoose\lib\connection.js:689:11)
    at C:\SplitApp\node_modules\mongoose\lib\index.js:377:10
    at C:\SplitApp\node_modules\mongoose\lib\helpers\promiseOrCallback.js:32:5
    at new Promise (<anonymous>)
    at promiseOrCallback (C:\SplitApp\node_modules\mongoose\lib\helpers\promiseOrCallback.js:31:10)
    at Mongoose._promiseOrCallback (C:\SplitApp\node_modules\mongoose\lib\index.js:1220:10)
    at Mongoose.connect (C:\SplitApp\node_modules\mongoose\lib\index.js:376:20)
    at Object.<anonymous> (C:\SplitApp\model\schema.js:4:10)
    at Module._compile (node:internal/modules/cjs/loader:1241:14)
    at Module._extensions..js (node:internal/modules/cjs/loader:1295:10)
2024-01-27T15:59:03.063Z | INFO   | API HIT : [POST] /api/users/v1/register
2024-01-27T15:59:13.076Z | ERROR  | URL : /api/users/v1/register | staus : undefined | message: Operation `users.findOne()` buffering timed out after 10000ms
2024-01-27T16:04:37.589Z | INFO   | Server started in PORT | 3001
2024-01-27T16:04:37.611Z | ERROR  | DB Connection Fail | MongooseError: The `uri` parameter to `openUri()` must be a string, got "undefined". Make sure the first parameter to `mongoose.connect()` or `mongoose.createConnection()` is a string.
    at Connection.openUri (C:\SplitApp\node_modules\mongoose\lib\connection.js:689:11)
    at C:\SplitApp\node_modules\mongoose\lib\index.js:377:10
    at C:\SplitApp\node_modules\mongoose\lib\helpers\promiseOrCallback.js:32:5
    at new Promise (<anonymous>)
    at promiseOrCallback (C:\SplitApp\node_modules\mongoose\lib\helpers\promiseOrCallback.js:31:10)
    at Mongoose._promiseOrCallback (C:\SplitApp\node_modules\mongoose\lib\index.js:1220:10)
    at Mongoose.connect (C:\SplitApp\node_modules\mongoose\lib\index.js:376:20)
    at Object.<anonymous> (C:\SplitApp\model\schema.js:4:10)
    at Module._compile (node:internal/modules/cjs/loader:1241:14)
    at Module._extensions..js (node:internal/modules/cjs/loader:1295:10)
2024-01-27T16:04:48.302Z | INFO   | API HIT : [GET] /main.29c431b23e3c0bddbd71.hot-update.json
2024-01-27T16:04:48.304Z | ERROR  | [Invalid Route] /main.29c431b23e3c0bddbd71.hot-update.json
2024-01-27T16:20:13.983Z | INFO   | Server started in PORT | 3001
2024-01-27T16:20:13.985Z | ERROR  | DB Connection Fail | MongooseError: The `uri` parameter to `openUri()` must be a string, got "undefined". Make sure the first parameter to `mongoose.connect()` or `mongoose.createConnection()` is a string.
    at Connection.openUri (C:\SplitApp\node_modules\mongoose\lib\connection.js:689:11)
    at C:\SplitApp\node_modules\mongoose\lib\index.js:377:10
    at C:\SplitApp\node_modules\mongoose\lib\helpers\promiseOrCallback.js:32:5
    at new Promise (<anonymous>)
    at promiseOrCallback (C:\SplitApp\node_modules\mongoose\lib\helpers\promiseOrCallback.js:31:10)
    at Mongoose._promiseOrCallback (C:\SplitApp\node_modules\mongoose\lib\index.js:1220:10)
    at Mongoose.connect (C:\SplitApp\node_modules\mongoose\lib\index.js:376:20)
    at Object.<anonymous> (C:\SplitApp\model\schema.js:4:10)
    at Module._compile (node:internal/modules/cjs/loader:1241:14)
    at Module._extensions..js (node:internal/modules/cjs/loader:1295:10)
2024-01-27T16:21:14.800Z | INFO   | API HIT : [POST] /api/users/v1/register
2024-01-27T16:21:24.823Z | ERROR  | URL : /api/users/v1/register | staus : undefined | message: Operation `users.findOne()` buffering timed out after 10000ms
2024-01-29T08:36:48.390Z | INFO   | Server started in PORT | 3001
2024-01-29T08:36:48.394Z | ERROR  | DB Connection Fail | MongoAPIError: URI must include hostname, domain name, and tld
    at resolveSRVRecord (C:\SplitApp\node_modules\mongodb\lib\connection_string.js:51:25)
    at connect (C:\SplitApp\node_modules\mongodb\lib\operations\connect.js:32:57)
    at C:\SplitApp\node_modules\mongodb\lib\mongo_client.js:131:35
    at maybePromise (C:\SplitApp\node_modules\mongodb\lib\utils.js:410:5)
    at MongoClient.connect (C:\SplitApp\node_modules\mongodb\lib\mongo_client.js:130:41)
    at C:\SplitApp\node_modules\mongoose\lib\connection.js:804:12
    at new Promise (<anonymous>)
    at Connection.openUri (C:\SplitApp\node_modules\mongoose\lib\connection.js:793:19)
    at C:\SplitApp\node_modules\mongoose\lib\index.js:377:10
    at C:\SplitApp\node_modules\mongoose\lib\helpers\promiseOrCallback.js:32:5
2024-01-29T08:49:25.864Z | INFO   | Server started in PORT | 3001
2024-01-29T08:49:25.867Z | ERROR  | DB Connection Fail | MongoAPIError: URI must include hostname, domain name, and tld
    at resolveSRVRecord (C:\SplitApp\node_modules\mongodb\lib\connection_string.js:51:25)
    at connect (C:\SplitApp\node_modules\mongodb\lib\operations\connect.js:32:57)
    at C:\SplitApp\node_modules\mongodb\lib\mongo_client.js:131:35
    at maybePromise (C:\SplitApp\node_modules\mongodb\lib\utils.js:410:5)
    at MongoClient.connect (C:\SplitApp\node_modules\mongodb\lib\mongo_client.js:130:41)
    at C:\SplitApp\node_modules\mongoose\lib\connection.js:804:12
    at new Promise (<anonymous>)
    at Connection.openUri (C:\SplitApp\node_modules\mongoose\lib\connection.js:793:19)
    at C:\SplitApp\node_modules\mongoose\lib\index.js:377:10
    at C:\SplitApp\node_modules\mongoose\lib\helpers\promiseOrCallback.js:32:5
2024-01-29T08:54:10.951Z | INFO   | Server started in PORT | 3001
2024-01-29T08:54:10.953Z | ERROR  | DB Connection Fail | MongoAPIError: URI must include hostname, domain name, and tld
    at resolveSRVRecord (C:\SplitApp\node_modules\mongodb\lib\connection_string.js:51:25)
    at connect (C:\SplitApp\node_modules\mongodb\lib\operations\connect.js:32:57)
    at C:\SplitApp\node_modules\mongodb\lib\mongo_client.js:131:35
    at maybePromise (C:\SplitApp\node_modules\mongodb\lib\utils.js:410:5)
    at MongoClient.connect (C:\SplitApp\node_modules\mongodb\lib\mongo_client.js:130:41)
    at C:\SplitApp\node_modules\mongoose\lib\connection.js:804:12
    at new Promise (<anonymous>)
    at Connection.openUri (C:\SplitApp\node_modules\mongoose\lib\connection.js:793:19)
    at C:\SplitApp\node_modules\mongoose\lib\index.js:377:10
    at C:\SplitApp\node_modules\mongoose\lib\helpers\promiseOrCallback.js:32:5
2024-01-29T08:55:33.550Z | INFO   | Server started in PORT | 3001
2024-01-29T08:55:33.555Z | ERROR  | DB Connection Fail | MongoAPIError: URI must include hostname, domain name, and tld
    at resolveSRVRecord (C:\SplitApp\node_modules\mongodb\lib\connection_string.js:40:15)
    at MongoClient._connect (C:\SplitApp\node_modules\mongodb\lib\mongo_client.js:138:74)
    at C:\SplitApp\node_modules\mongodb\lib\mongo_client.js:123:44
    at maybeCallback (C:\SplitApp\node_modules\mongodb\lib\utils.js:337:21)
    at MongoClient.connect (C:\SplitApp\node_modules\mongodb\lib\mongo_client.js:118:42)
    at C:\SplitApp\node_modules\mongoose\lib\connection.js:810:12
    at new Promise (<anonymous>)
    at Connection.openUri (C:\SplitApp\node_modules\mongoose\lib\connection.js:799:19)
    at C:\SplitApp\node_modules\mongoose\lib\index.js:414:10
    at C:\SplitApp\node_modules\mongoose\lib\helpers\promiseOrCallback.js:41:5
2024-01-29T09:02:50.256Z | INFO   | Server started in PORT | 3001
2024-01-29T09:02:50.258Z | ERROR  | DB Connection Fail | MongoAPIError: URI must include hostname, domain name, and tld
    at resolveSRVRecord (C:\SplitApp\node_modules\mongodb\lib\connection_string.js:40:15)
    at MongoClient._connect (C:\SplitApp\node_modules\mongodb\lib\mongo_client.js:138:74)
    at C:\SplitApp\node_modules\mongodb\lib\mongo_client.js:123:44
    at maybeCallback (C:\SplitApp\node_modules\mongodb\lib\utils.js:337:21)
    at MongoClient.connect (C:\SplitApp\node_modules\mongodb\lib\mongo_client.js:118:42)
    at C:\SplitApp\node_modules\mongoose\lib\connection.js:810:12
    at new Promise (<anonymous>)
    at Connection.openUri (C:\SplitApp\node_modules\mongoose\lib\connection.js:799:19)
    at C:\SplitApp\node_modules\mongoose\lib\index.js:414:10
    at C:\SplitApp\node_modules\mongoose\lib\helpers\promiseOrCallback.js:41:5
2024-01-29T09:03:27.447Z | INFO   | Server started in PORT | 3001
2024-01-29T09:03:27.450Z | ERROR  | DB Connection Fail | MongoAPIError: URI must include hostname, domain name, and tld
    at resolveSRVRecord (C:\SplitApp\node_modules\mongodb\lib\connection_string.js:40:15)
    at MongoClient._connect (C:\SplitApp\node_modules\mongodb\lib\mongo_client.js:138:74)
    at C:\SplitApp\node_modules\mongodb\lib\mongo_client.js:123:44
    at maybeCallback (C:\SplitApp\node_modules\mongodb\lib\utils.js:337:21)
    at MongoClient.connect (C:\SplitApp\node_modules\mongodb\lib\mongo_client.js:118:42)
    at C:\SplitApp\node_modules\mongoose\lib\connection.js:810:12
    at new Promise (<anonymous>)
    at Connection.openUri (C:\SplitApp\node_modules\mongoose\lib\connection.js:799:19)
    at C:\SplitApp\node_modules\mongoose\lib\index.js:414:10
    at C:\SplitApp\node_modules\mongoose\lib\helpers\promiseOrCallback.js:41:5
2024-01-29T09:12:43.220Z | INFO   | Server started in PORT | 3001
2024-01-29T09:12:44.759Z | INFO   | DB Connection Established
2024-01-29T09:13:30.372Z | INFO   | API HIT : [POST] /api/users/v1/register
2024-01-29T09:13:30.691Z | INFO   | API HIT : [POST] /api/users/v1/login
2024-01-29T09:13:31.454Z | INFO   | API HIT : [POST] /api/expense/v1/user
2024-01-29T09:13:31.624Z | ERROR  | URL : /api/expense/v1/user | staus : 400 | message: No expense present for the user
2024-01-29T09:13:31.635Z | INFO   | API HIT : [POST] /api/group/v1/user
2024-01-29T09:13:34.994Z | INFO   | API HIT : [POST] /api/group/v1/user
2024-01-29T09:13:36.390Z | INFO   | API HIT : [GET] /api/users/v1/emailList
2024-01-29T09:14:41.303Z | INFO   | API HIT : [POST] /api/group/v1/add
2024-01-29T09:14:42.089Z | INFO   | API HIT : [POST] /api/group/v1/view
2024-01-29T09:14:42.229Z | INFO   | API HIT : [POST] /api/expense/v1/group
2024-01-29T09:14:42.324Z | ERROR  | URL : /api/expense/v1/group | staus : 400 | message: No expense present for the group
2024-01-29T09:14:46.766Z | INFO   | API HIT : [POST] /api/group/v1/view
2024-01-29T09:14:59.192Z | INFO   | API HIT : [POST] /api/expense/v1/add
2024-01-29T09:15:00.532Z | INFO   | API HIT : [POST] /api/group/v1/view
2024-01-29T09:15:00.664Z | INFO   | API HIT : [POST] /api/expense/v1/group
2024-01-29T09:15:00.819Z | INFO   | API HIT : [POST] /api/expense/v1/group/categoryExp
2024-01-29T09:15:01.128Z | INFO   | API HIT : [POST] /api/expense/v1/group/monthlyExp
2024-01-29T09:15:01.344Z | INFO   | API HIT : [POST] /api/expense/v1/group/dailyExp
2024-01-29T09:15:07.118Z | INFO   | API HIT : [POST] /api/group/v1/user
2024-01-29T09:15:09.919Z | INFO   | API HIT : [POST] /api/group/v1/view
2024-01-29T09:15:10.326Z | INFO   | API HIT : [POST] /api/expense/v1/group
2024-01-29T09:15:10.606Z | INFO   | API HIT : [POST] /api/expense/v1/group/categoryExp
2024-01-29T09:15:10.745Z | INFO   | API HIT : [POST] /api/expense/v1/group/monthlyExp
2024-01-29T09:15:10.849Z | INFO   | API HIT : [POST] /api/expense/v1/group/dailyExp
2024-01-29T09:20:06.065Z | INFO   | API HIT : [GET] /main.a75915b4d16c9d2d98be.hot-update.json
2024-01-29T09:20:06.065Z | ERROR  | [Invalid Route] /main.a75915b4d16c9d2d98be.hot-update.json
2024-01-29T09:20:07.184Z | INFO   | API HIT : [POST] /api/expense/v1/user
2024-01-29T09:20:07.322Z | INFO   | API HIT : [POST] /api/group/v1/user
2024-01-29T09:20:07.838Z | INFO   | API HIT : [POST] /api/expense/v1/user/monthlyExp
2024-01-29T09:20:07.839Z | INFO   | API HIT : [POST] /api/group/v1/user
2024-01-29T09:20:07.840Z | INFO   | API HIT : [POST] /api/expense/v1/user/recent
2024-01-29T09:20:07.841Z | INFO   | API HIT : [POST] /api/expense/v1/user/categoryExp
2024-01-29T09:20:08.009Z | INFO   | API HIT : [GET] /main.a75915b4d16c9d2d98be.hot-update.json
2024-01-29T09:20:08.009Z | ERROR  | [Invalid Route] /main.a75915b4d16c9d2d98be.hot-update.json
2024-01-29T09:20:08.102Z | INFO   | API HIT : [POST] /api/expense/v1/user/dailyExp
2024-01-29T09:20:08.677Z | INFO   | API HIT : [POST] /api/expense/v1/user
2024-01-29T09:20:08.796Z | INFO   | API HIT : [POST] /api/group/v1/user
2024-01-29T09:20:09.032Z | INFO   | API HIT : [POST] /api/expense/v1/user/monthlyExp
2024-01-29T09:20:09.034Z | INFO   | API HIT : [POST] /api/group/v1/user
2024-01-29T09:20:09.345Z | INFO   | API HIT : [POST] /api/expense/v1/user/recent
2024-01-29T09:20:09.346Z | INFO   | API HIT : [POST] /api/expense/v1/user/categoryExp
2024-01-29T09:20:09.439Z | INFO   | API HIT : [POST] /api/expense/v1/user/dailyExp
2024-02-27T19:53:46.906Z | INFO   | Server started in PORT | 3001
2024-02-27T19:53:48.329Z | INFO   | DB Connection Established
2024-02-27T19:54:06.281Z | INFO   | API HIT : [POST] /api/users/v1/login
2024-02-27T19:54:07.024Z | INFO   | API HIT : [POST] /api/expense/v1/user
2024-02-27T19:54:07.110Z | INFO   | API HIT : [POST] /api/group/v1/user
2024-02-27T19:54:07.640Z | INFO   | API HIT : [POST] /api/expense/v1/user/monthlyExp
2024-02-27T19:54:07.653Z | INFO   | API HIT : [POST] /api/group/v1/user
2024-02-27T19:54:07.666Z | INFO   | API HIT : [POST] /api/expense/v1/user/recent
2024-02-27T19:54:07.673Z | INFO   | API HIT : [POST] /api/expense/v1/user/categoryExp
2024-02-27T19:54:07.720Z | INFO   | API HIT : [POST] /api/expense/v1/user/dailyExp
2024-02-27T19:54:23.268Z | INFO   | API HIT : [GET] /api/users/v1/emailList
2024-02-27T19:54:57.025Z | INFO   | API HIT : [GET] /api/users/v1/emailList
2024-02-27T19:54:58.349Z | INFO   | API HIT : [POST] /api/group/v1/user
2024-02-27T19:55:03.009Z | INFO   | API HIT : [GET] /api/users/v1/emailList
2024-02-27T19:55:36.070Z | INFO   | API HIT : [POST] /api/group/v1/user
2024-02-27T19:55:37.257Z | INFO   | API HIT : [POST] /api/group/v1/view
2024-02-27T19:55:37.522Z | INFO   | API HIT : [POST] /api/expense/v1/group
2024-02-27T19:55:37.633Z | INFO   | API HIT : [POST] /api/expense/v1/group/categoryExp
2024-02-27T19:55:37.935Z | INFO   | API HIT : [POST] /api/expense/v1/group/monthlyExp
2024-02-27T19:55:38.311Z | INFO   | API HIT : [POST] /api/expense/v1/group/dailyExp
2024-02-27T19:55:51.591Z | INFO   | API HIT : [POST] /api/group/v1/view
2024-02-27T19:55:51.663Z | INFO   | API HIT : [POST] /api/expense/v1/group
2024-02-27T19:55:52.077Z | INFO   | API HIT : [POST] /api/expense/v1/group/categoryExp
2024-02-27T19:55:52.081Z | INFO   | API HIT : [POST] /api/expense/v1/group/monthlyExp
2024-02-27T19:55:52.157Z | INFO   | API HIT : [POST] /api/expense/v1/group/dailyExp
2024-02-27T19:56:15.628Z | INFO   | API HIT : [POST] /api/users/v1/register
2024-02-27T19:56:16.197Z | INFO   | API HIT : [POST] /api/users/v1/login
2024-02-27T19:56:16.668Z | INFO   | API HIT : [POST] /api/expense/v1/user
2024-02-27T19:56:16.726Z | ERROR  | URL : /api/expense/v1/user | staus : 400 | message: No expense present for the user
2024-02-27T19:56:16.735Z | INFO   | API HIT : [POST] /api/group/v1/user
2024-02-27T19:56:23.361Z | INFO   | API HIT : [POST] /api/group/v1/user
2024-02-27T19:56:25.047Z | INFO   | API HIT : [POST] /api/group/v1/view
2024-02-27T19:56:25.298Z | INFO   | API HIT : [POST] /api/expense/v1/group
2024-02-27T19:56:25.422Z | INFO   | API HIT : [POST] /api/expense/v1/group/categoryExp
2024-02-27T19:56:25.682Z | INFO   | API HIT : [POST] /api/expense/v1/group/monthlyExp
2024-02-27T19:56:25.763Z | INFO   | API HIT : [POST] /api/expense/v1/group/dailyExp
2024-02-27T19:56:29.762Z | INFO   | API HIT : [GET] /api/users/v1/emailList
2024-02-27T19:56:30.002Z | INFO   | API HIT : [POST] /api/group/v1/view
2024-02-27T19:56:35.750Z | INFO   | API HIT : [POST] /api/group/v1/edit
2024-02-27T19:56:36.532Z | INFO   | API HIT : [POST] /api/group/v1/view
2024-02-27T19:56:36.604Z | INFO   | API HIT : [POST] /api/expense/v1/group
2024-02-27T19:56:36.711Z | INFO   | API HIT : [POST] /api/expense/v1/group/categoryExp
2024-02-27T19:56:37.019Z | INFO   | API HIT : [POST] /api/expense/v1/group/monthlyExp
2024-02-27T19:56:37.084Z | INFO   | API HIT : [POST] /api/expense/v1/group/dailyExp
2024-02-27T19:56:43.843Z | INFO   | API HIT : [POST] /api/group/v1/user
2024-02-27T19:56:48.639Z | INFO   | API HIT : [GET] /api/users/v1/emailList
2024-02-27T19:56:49.004Z | INFO   | API HIT : [POST] /api/group/v1/view
2024-02-27T19:57:03.886Z | INFO   | API HIT : [GET] /api/users/v1/emailList
2024-02-27T19:57:05.917Z | INFO   | API HIT : [POST] /api/group/v1/user
2024-02-27T19:57:06.648Z | INFO   | API HIT : [GET] /api/users/v1/emailList
2024-02-27T19:57:12.865Z | INFO   | API HIT : [GET] /api/users/v1/emailList
2024-02-27T19:57:12.949Z | INFO   | API HIT : [POST] /api/group/v1/view
2024-02-27T19:57:33.572Z | INFO   | API HIT : [POST] /api/group/v1/add
2024-02-27T19:57:34.118Z | INFO   | API HIT : [POST] /api/group/v1/view
2024-02-27T19:57:34.193Z | INFO   | API HIT : [POST] /api/expense/v1/group
2024-02-27T19:57:34.246Z | ERROR  | URL : /api/expense/v1/group | staus : 400 | message: No expense present for the group
2024-02-27T19:57:40.328Z | INFO   | API HIT : [GET] /api/users/v1/emailList
2024-02-27T19:57:40.418Z | INFO   | API HIT : [POST] /api/group/v1/view
2024-02-27T19:57:41.762Z | INFO   | API HIT : [POST] /api/group/v1/user
2024-02-27T19:57:48.194Z | INFO   | API HIT : [POST] /api/group/v1/view
2024-02-27T19:57:48.586Z | INFO   | API HIT : [POST] /api/expense/v1/group
2024-02-27T19:57:48.628Z | ERROR  | URL : /api/expense/v1/group | staus : 400 | message: No expense present for the group
2024-02-27T19:57:55.152Z | INFO   | API HIT : [POST] /api/group/v1/view
2024-02-27T19:58:13.411Z | INFO   | API HIT : [POST] /api/expense/v1/add
2024-02-27T19:58:14.363Z | INFO   | API HIT : [POST] /api/group/v1/view
2024-02-27T19:58:14.443Z | INFO   | API HIT : [POST] /api/expense/v1/group
2024-02-27T19:58:14.745Z | INFO   | API HIT : [POST] /api/expense/v1/group/categoryExp
2024-02-27T19:58:14.895Z | INFO   | API HIT : [POST] /api/expense/v1/group/monthlyExp
2024-02-27T19:58:14.963Z | INFO   | API HIT : [POST] /api/expense/v1/group/dailyExp
2024-02-27T19:58:29.617Z | INFO   | API HIT : [POST] /api/group/v1/view
2024-02-27T19:58:29.719Z | INFO   | API HIT : [POST] /api/expense/v1/group
2024-02-27T19:58:30.140Z | INFO   | API HIT : [POST] /api/expense/v1/group/categoryExp
2024-02-27T19:58:30.144Z | INFO   | API HIT : [POST] /api/expense/v1/group/monthlyExp
2024-02-27T19:58:30.236Z | INFO   | API HIT : [POST] /api/expense/v1/group/dailyExp
2024-02-27T19:58:31.170Z | INFO   | API HIT : [POST] /api/group/v1/user
2024-02-27T19:58:33.286Z | INFO   | API HIT : [POST] /api/group/v1/view
2024-02-27T19:58:33.545Z | INFO   | API HIT : [POST] /api/expense/v1/group
2024-02-27T19:58:33.655Z | INFO   | API HIT : [POST] /api/expense/v1/group/categoryExp
2024-02-27T19:58:33.943Z | INFO   | API HIT : [POST] /api/expense/v1/group/monthlyExp
2024-02-27T19:58:34.010Z | INFO   | API HIT : [POST] /api/expense/v1/group/dailyExp
2024-02-27T19:58:40.423Z | INFO   | API HIT : [POST] /api/group/v1/view
2024-02-27T19:58:56.347Z | INFO   | API HIT : [POST] /api/expense/v1/add
2024-02-27T19:58:57.632Z | INFO   | API HIT : [POST] /api/group/v1/view
2024-02-27T19:58:57.720Z | INFO   | API HIT : [POST] /api/expense/v1/group
2024-02-27T19:58:57.862Z | INFO   | API HIT : [POST] /api/expense/v1/group/categoryExp
2024-02-27T19:58:58.163Z | INFO   | API HIT : [POST] /api/expense/v1/group/monthlyExp
2024-02-27T19:58:58.228Z | INFO   | API HIT : [POST] /api/expense/v1/group/dailyExp
2024-02-27T19:59:03.661Z | INFO   | API HIT : [POST] /api/group/v1/view
2024-02-27T19:59:03.734Z | INFO   | API HIT : [POST] /api/expense/v1/group
2024-02-27T19:59:03.867Z | INFO   | API HIT : [POST] /api/expense/v1/group/categoryExp
2024-02-27T19:59:04.171Z | INFO   | API HIT : [POST] /api/expense/v1/group/monthlyExp
2024-02-27T19:59:04.235Z | INFO   | API HIT : [POST] /api/expense/v1/group/dailyExp
2024-02-27T19:59:28.245Z | INFO   | API HIT : [POST] /api/expense/v1/user
2024-02-27T19:59:28.610Z | INFO   | API HIT : [POST] /api/group/v1/user
2024-02-27T19:59:28.870Z | INFO   | API HIT : [POST] /api/expense/v1/user/monthlyExp
2024-02-27T19:59:29.063Z | INFO   | API HIT : [POST] /api/group/v1/user
2024-02-27T19:59:29.065Z | INFO   | API HIT : [POST] /api/expense/v1/user/recent
2024-02-27T19:59:29.066Z | INFO   | API HIT : [POST] /api/expense/v1/user/categoryExp
2024-02-27T19:59:29.070Z | INFO   | API HIT : [POST] /api/expense/v1/user/dailyExp
2024-02-27T19:59:51.218Z | INFO   | API HIT : [POST] /api/group/v1/user
2024-02-27T19:59:52.730Z | INFO   | API HIT : [POST] /api/group/v1/view
2024-02-27T19:59:52.986Z | INFO   | API HIT : [POST] /api/expense/v1/group
2024-02-27T19:59:53.098Z | INFO   | API HIT : [POST] /api/expense/v1/group/categoryExp
2024-02-27T19:59:53.382Z | INFO   | API HIT : [POST] /api/expense/v1/group/monthlyExp
2024-02-27T19:59:53.446Z | INFO   | API HIT : [POST] /api/expense/v1/group/dailyExp
2024-02-27T20:00:04.732Z | INFO   | API HIT : [POST] /api/group/v1/settlement
2024-02-27T20:00:04.993Z | INFO   | API HIT : [POST] /api/group/v1/view
2024-02-27T20:00:13.622Z | INFO   | API HIT : [POST] /api/group/v1/makeSettlement
2024-02-27T20:00:17.790Z | INFO   | API HIT : [POST] /api/group/v1/view
2024-02-27T20:00:17.858Z | INFO   | API HIT : [POST] /api/expense/v1/group
2024-02-27T20:00:17.981Z | INFO   | API HIT : [POST] /api/expense/v1/group/categoryExp
2024-02-27T20:00:18.297Z | INFO   | API HIT : [POST] /api/expense/v1/group/monthlyExp
2024-02-27T20:00:18.366Z | INFO   | API HIT : [POST] /api/expense/v1/group/dailyExp
2024-02-27T20:00:22.867Z | INFO   | API HIT : [POST] /api/group/v1/settlement
2024-02-27T20:00:31.162Z | INFO   | API HIT : [POST] /api/group/v1/settlement
2024-02-27T20:00:33.162Z | INFO   | API HIT : [POST] /api/expense/v1/group/categoryExp
2024-02-27T20:00:33.164Z | INFO   | API HIT : [POST] /api/expense/v1/group/monthlyExp
2024-02-27T20:00:33.418Z | INFO   | API HIT : [POST] /api/expense/v1/group/dailyExp
2024-02-27T20:00:39.200Z | INFO   | API HIT : [POST] /api/expense/v1/user
2024-02-27T20:00:39.562Z | INFO   | API HIT : [POST] /api/group/v1/user
2024-02-27T20:00:39.813Z | INFO   | API HIT : [POST] /api/expense/v1/user/monthlyExp
2024-02-27T20:00:40.013Z | INFO   | API HIT : [POST] /api/group/v1/user
2024-02-27T20:00:40.017Z | INFO   | API HIT : [POST] /api/expense/v1/user/recent
2024-02-27T20:00:40.020Z | INFO   | API HIT : [POST] /api/expense/v1/user/categoryExp
2024-02-27T20:00:40.022Z | INFO   | API HIT : [POST] /api/expense/v1/user/dailyExp
2024-02-27T20:00:48.283Z | INFO   | API HIT : [POST] /api/expense/v1/view
2024-02-27T20:00:53.843Z | INFO   | API HIT : [POST] /api/expense/v1/user
2024-02-27T20:00:54.102Z | INFO   | API HIT : [POST] /api/group/v1/user
2024-02-27T20:00:54.242Z | INFO   | API HIT : [POST] /api/expense/v1/user/monthlyExp
2024-02-27T20:00:54.557Z | INFO   | API HIT : [POST] /api/group/v1/user
2024-02-27T20:00:54.559Z | INFO   | API HIT : [POST] /api/expense/v1/user/recent
2024-02-27T20:00:54.561Z | INFO   | API HIT : [POST] /api/expense/v1/user/categoryExp
2024-02-27T20:00:54.572Z | INFO   | API HIT : [POST] /api/expense/v1/user/dailyExp
2024-02-27T20:01:01.147Z | INFO   | API HIT : [POST] /api/group/v1/user
2024-02-27T20:01:04.147Z | INFO   | API HIT : [POST] /api/expense/v1/user
2024-02-27T20:01:04.401Z | INFO   | API HIT : [POST] /api/group/v1/user
2024-02-27T20:01:04.535Z | INFO   | API HIT : [POST] /api/expense/v1/user/monthlyExp
2024-02-27T20:01:04.850Z | INFO   | API HIT : [POST] /api/group/v1/user
2024-02-27T20:01:04.851Z | INFO   | API HIT : [POST] /api/expense/v1/user/recent
2024-02-27T20:01:04.854Z | INFO   | API HIT : [POST] /api/expense/v1/user/categoryExp
2024-02-27T20:01:04.904Z | INFO   | API HIT : [POST] /api/expense/v1/user/dailyExp
2024-02-27T20:01:25.538Z | INFO   | API HIT : [GET] /api/users/v1/emailList
2024-02-27T20:01:32.607Z | INFO   | API HIT : [GET] /api/users/v1/emailList
2024-02-27T20:01:39.817Z | INFO   | API HIT : [POST] /api/expense/v1/user
2024-02-27T20:01:40.068Z | INFO   | API HIT : [POST] /api/group/v1/user
2024-02-27T20:01:40.222Z | INFO   | API HIT : [POST] /api/expense/v1/user/monthlyExp
2024-02-27T20:01:40.531Z | INFO   | API HIT : [POST] /api/group/v1/user
2024-02-27T20:01:40.534Z | INFO   | API HIT : [POST] /api/expense/v1/user/recent
2024-02-27T20:01:40.538Z | INFO   | API HIT : [POST] /api/expense/v1/user/categoryExp
2024-02-27T20:01:40.605Z | INFO   | API HIT : [POST] /api/expense/v1/user/dailyExp
2024-02-27T20:01:56.668Z | INFO   | API HIT : [POST] /api/users/v1/login
2024-02-27T20:01:57.480Z | INFO   | API HIT : [POST] /api/expense/v1/user
2024-02-27T20:01:57.561Z | INFO   | API HIT : [POST] /api/group/v1/user
2024-02-27T20:01:57.737Z | INFO   | API HIT : [POST] /api/expense/v1/user/monthlyExp
2024-02-27T20:01:58.045Z | INFO   | API HIT : [POST] /api/group/v1/user
2024-02-27T20:01:58.048Z | INFO   | API HIT : [POST] /api/expense/v1/user/recent
2024-02-27T20:01:58.053Z | INFO   | API HIT : [POST] /api/expense/v1/user/categoryExp
2024-02-27T20:01:58.118Z | INFO   | API HIT : [POST] /api/expense/v1/user/dailyExp
2024-02-27T20:02:02.486Z | INFO   | API HIT : [POST] /api/group/v1/user
2024-02-27T20:02:05.145Z | INFO   | API HIT : [POST] /api/expense/v1/user
2024-02-27T20:02:05.221Z | INFO   | API HIT : [POST] /api/group/v1/user
2024-02-27T20:02:05.701Z | INFO   | API HIT : [POST] /api/expense/v1/user/monthlyExp
2024-02-27T20:02:05.703Z | INFO   | API HIT : [POST] /api/expense/v1/user/recent
2024-02-27T20:02:05.704Z | INFO   | API HIT : [POST] /api/group/v1/user
2024-02-27T20:02:05.706Z | INFO   | API HIT : [POST] /api/expense/v1/user/categoryExp
2024-02-27T20:02:05.966Z | INFO   | API HIT : [POST] /api/expense/v1/user/dailyExp
2024-02-27T20:02:13.344Z | INFO   | API HIT : [POST] /api/group/v1/user
2024-02-27T20:02:14.712Z | INFO   | API HIT : [POST] /api/group/v1/view
2024-02-27T20:02:14.965Z | INFO   | API HIT : [POST] /api/expense/v1/group
2024-02-27T20:02:15.076Z | INFO   | API HIT : [POST] /api/expense/v1/group/categoryExp
2024-02-27T20:02:15.380Z | INFO   | API HIT : [POST] /api/expense/v1/group/monthlyExp
2024-02-27T20:02:15.749Z | INFO   | API HIT : [POST] /api/expense/v1/group/dailyExp
2024-02-27T20:02:22.426Z | INFO   | API HIT : [POST] /api/group/v1/settlement
2024-02-27T20:02:24.368Z | INFO   | API HIT : [POST] /api/expense/v1/group/categoryExp
2024-02-27T20:02:24.371Z | INFO   | API HIT : [POST] /api/expense/v1/group/monthlyExp
2024-02-27T20:02:24.616Z | INFO   | API HIT : [POST] /api/expense/v1/group/dailyExp
2024-02-27T20:02:25.808Z | INFO   | API HIT : [GET] /api/users/v1/emailList
2024-02-27T20:02:28.261Z | INFO   | API HIT : [POST] /api/expense/v1/user
2024-02-27T20:02:28.513Z | INFO   | API HIT : [POST] /api/group/v1/user
2024-02-27T20:02:28.652Z | INFO   | API HIT : [POST] /api/expense/v1/user/monthlyExp
2024-02-27T20:02:28.955Z | INFO   | API HIT : [POST] /api/group/v1/user
2024-02-27T20:02:28.967Z | INFO   | API HIT : [POST] /api/expense/v1/user/recent
2024-02-27T20:02:28.970Z | INFO   | API HIT : [POST] /api/expense/v1/user/categoryExp
2024-02-27T20:02:29.029Z | INFO   | API HIT : [POST] /api/expense/v1/user/dailyExp
2024-02-27T20:02:45.509Z | INFO   | API HIT : [POST] /api/users/v1/view
2024-02-27T20:03:01.356Z | INFO   | API HIT : [POST] /api/expense/v1/user
2024-02-27T20:03:01.722Z | INFO   | API HIT : [POST] /api/group/v1/user
2024-02-27T20:03:01.977Z | INFO   | API HIT : [POST] /api/expense/v1/user/monthlyExp
2024-02-27T20:03:02.205Z | INFO   | API HIT : [POST] /api/group/v1/user
2024-02-27T20:03:02.209Z | INFO   | API HIT : [POST] /api/expense/v1/user/recent
2024-02-27T20:03:02.213Z | INFO   | API HIT : [POST] /api/expense/v1/user/categoryExp
2024-02-27T20:03:02.215Z | INFO   | API HIT : [POST] /api/expense/v1/user/dailyExp
2024-02-27T20:03:23.988Z | INFO   | API HIT : [POST] /api/group/v1/user
2024-02-27T20:03:26.104Z | INFO   | API HIT : [GET] /api/users/v1/emailList
2024-02-27T20:03:27.151Z | INFO   | API HIT : [POST] /api/expense/v1/user
2024-02-27T20:03:27.531Z | INFO   | API HIT : [POST] /api/group/v1/user
2024-02-27T20:03:27.791Z | INFO   | API HIT : [POST] /api/expense/v1/user/monthlyExp
2024-02-27T20:03:27.987Z | INFO   | API HIT : [POST] /api/group/v1/user
2024-02-27T20:03:27.990Z | INFO   | API HIT : [POST] /api/expense/v1/user/recent
2024-02-27T20:03:27.992Z | INFO   | API HIT : [POST] /api/expense/v1/user/categoryExp
2024-02-27T20:03:27.995Z | INFO   | API HIT : [POST] /api/expense/v1/user/dailyExp
2024-04-26T13:42:53.124Z | INFO   | Server started in PORT | 3001
2024-04-26T13:42:55.449Z | INFO   | DB Connection Established
2024-04-26T13:43:30.810Z | INFO   | API HIT : [POST] /api/expense/v1/user
2024-04-26T13:43:31.362Z | INFO   | API HIT : [POST] /api/group/v1/user
2024-04-26T13:43:32.286Z | INFO   | API HIT : [POST] /api/expense/v1/user/monthlyExp
2024-04-26T13:43:32.302Z | INFO   | API HIT : [POST] /api/group/v1/user
2024-04-26T13:43:32.307Z | INFO   | API HIT : [POST] /api/expense/v1/user/recent
2024-04-26T13:43:32.581Z | INFO   | API HIT : [POST] /api/expense/v1/user/categoryExp
2024-04-26T13:43:32.726Z | INFO   | API HIT : [POST] /api/expense/v1/user/dailyExp
2024-04-26T13:43:47.267Z | INFO   | API HIT : [POST] /api/group/v1/user
2024-04-26T13:43:50.168Z | INFO   | API HIT : [POST] /api/group/v1/view
2024-04-26T13:43:50.812Z | INFO   | API HIT : [POST] /api/expense/v1/group
2024-04-26T13:43:51.628Z | INFO   | API HIT : [POST] /api/expense/v1/group/categoryExp
2024-04-26T13:43:51.633Z | INFO   | API HIT : [POST] /api/expense/v1/group/monthlyExp
2024-04-26T13:43:51.889Z | INFO   | API HIT : [POST] /api/expense/v1/group/dailyExp
2024-04-26T13:44:05.217Z | INFO   | API HIT : [POST] /api/group/v1/view
2024-04-26T13:44:22.590Z | INFO   | API HIT : [GET] /api/users/v1/emailList
2024-04-26T13:45:04.817Z | INFO   | API HIT : [POST] /api/group/v1/add
2024-04-26T13:45:05.987Z | INFO   | API HIT : [POST] /api/group/v1/view
2024-04-26T13:45:06.194Z | INFO   | API HIT : [POST] /api/expense/v1/group
2024-04-26T13:45:06.465Z | ERROR  | URL : /api/expense/v1/group | staus : 400 | message: No expense present for the group
2024-04-26T13:45:09.373Z | INFO   | API HIT : [POST] /api/group/v1/view
2024-04-26T13:46:07.558Z | INFO   | API HIT : [POST] /api/expense/v1/add
2024-04-26T13:46:08.455Z | INFO   | API HIT : [POST] /api/group/v1/view
2024-04-26T13:46:08.516Z | INFO   | API HIT : [POST] /api/expense/v1/group
2024-04-26T13:46:08.958Z | INFO   | API HIT : [POST] /api/expense/v1/group/categoryExp
2024-04-26T13:46:08.962Z | INFO   | API HIT : [POST] /api/expense/v1/group/monthlyExp
2024-04-26T13:46:09.053Z | INFO   | API HIT : [POST] /api/expense/v1/group/dailyExp
2024-04-26T13:47:18.909Z | INFO   | API HIT : [POST] /api/users/v1/register
2024-04-26T13:47:18.953Z | ERROR  | URL : /api/users/v1/register | staus : 400 | message: Email validation fail!!
2024-04-26T13:47:40.309Z | INFO   | API HIT : [POST] /api/users/v1/register
2024-04-26T13:47:40.965Z | INFO   | API HIT : [POST] /api/users/v1/login
2024-04-26T13:47:42.137Z | INFO   | API HIT : [POST] /api/expense/v1/user
2024-04-26T13:47:42.177Z | ERROR  | URL : /api/expense/v1/user | staus : 400 | message: No expense present for the user
2024-04-26T13:47:42.187Z | INFO   | API HIT : [POST] /api/group/v1/user
2024-04-26T13:47:47.203Z | INFO   | API HIT : [POST] /api/group/v1/user
2024-04-26T13:47:55.207Z | INFO   | API HIT : [POST] /api/group/v1/user
2024-04-26T13:48:00.411Z | INFO   | API HIT : [POST] /api/group/v1/view
2024-04-26T13:48:00.663Z | INFO   | API HIT : [POST] /api/expense/v1/group
2024-04-26T13:48:00.883Z | INFO   | API HIT : [POST] /api/expense/v1/group/categoryExp
2024-04-26T13:48:01.152Z | INFO   | API HIT : [POST] /api/expense/v1/group/monthlyExp
2024-04-26T13:48:01.307Z | INFO   | API HIT : [POST] /api/expense/v1/group/dailyExp
2024-04-26T13:48:21.906Z | INFO   | API HIT : [POST] /api/expense/v1/view
2024-04-26T13:48:22.151Z | INFO   | API HIT : [POST] /api/group/v1/view
2024-04-26T13:48:27.222Z | INFO   | API HIT : [POST] /api/expense/v1/view
2024-04-26T13:48:27.272Z | INFO   | API HIT : [POST] /api/group/v1/view
2024-04-26T13:48:31.788Z | INFO   | API HIT : [GET] /api/users/v1/emailList
2024-04-26T13:48:47.715Z | INFO   | API HIT : [POST] /api/expense/v1/view
2024-04-26T13:48:47.820Z | INFO   | API HIT : [POST] /api/group/v1/view
2024-04-26T13:49:10.234Z | INFO   | API HIT : [POST] /api/group/v1/add
2024-04-26T13:49:10.992Z | INFO   | API HIT : [POST] /api/group/v1/view
2024-04-26T13:49:11.086Z | INFO   | API HIT : [POST] /api/expense/v1/group
2024-04-26T13:49:11.115Z | ERROR  | URL : /api/expense/v1/group | staus : 400 | message: No expense present for the group
2024-04-26T13:49:21.086Z | INFO   | API HIT : [POST] /api/group/v1/user
2024-04-26T13:49:30.050Z | INFO   | API HIT : [POST] /api/group/v1/view
2024-04-26T13:49:30.488Z | INFO   | API HIT : [POST] /api/expense/v1/group
2024-04-26T13:49:30.629Z | ERROR  | URL : /api/expense/v1/group | staus : 400 | message: No expense present for the group
2024-04-26T13:49:35.558Z | INFO   | API HIT : [POST] /api/group/v1/view
2024-04-26T13:49:59.344Z | INFO   | API HIT : [POST] /api/expense/v1/add
2024-04-26T13:49:59.889Z | INFO   | API HIT : [POST] /api/group/v1/view
2024-04-26T13:49:59.928Z | INFO   | API HIT : [POST] /api/expense/v1/group
2024-04-26T13:50:00.319Z | INFO   | API HIT : [POST] /api/expense/v1/group/categoryExp
2024-04-26T13:50:00.321Z | INFO   | API HIT : [POST] /api/expense/v1/group/monthlyExp
2024-04-26T13:50:00.357Z | INFO   | API HIT : [POST] /api/expense/v1/group/dailyExp
2024-04-26T13:50:02.712Z | INFO   | API HIT : [POST] /api/group/v1/view
2024-04-26T13:50:03.025Z | INFO   | API HIT : [POST] /api/expense/v1/group
2024-04-26T13:50:03.115Z | INFO   | API HIT : [POST] /api/expense/v1/group/categoryExp
2024-04-26T13:50:03.333Z | INFO   | API HIT : [POST] /api/expense/v1/group/monthlyExp
2024-04-26T13:50:03.424Z | INFO   | API HIT : [POST] /api/expense/v1/group/dailyExp
2024-04-26T13:50:10.476Z | INFO   | API HIT : [POST] /api/group/v1/view
2024-04-26T13:50:26.526Z | INFO   | API HIT : [POST] /api/expense/v1/add
2024-04-26T13:50:26.944Z | INFO   | API HIT : [POST] /api/group/v1/view
2024-04-26T13:50:27.265Z | INFO   | API HIT : [POST] /api/expense/v1/group
2024-04-26T13:50:27.397Z | INFO   | API HIT : [POST] /api/expense/v1/group/categoryExp
2024-04-26T13:50:27.575Z | INFO   | API HIT : [POST] /api/expense/v1/group/monthlyExp
2024-04-26T13:50:27.707Z | INFO   | API HIT : [POST] /api/expense/v1/group/dailyExp
2024-04-26T13:50:30.415Z | INFO   | API HIT : [POST] /api/group/v1/view
2024-04-26T13:50:30.563Z | INFO   | API HIT : [POST] /api/expense/v1/group
2024-04-26T13:50:30.756Z | INFO   | API HIT : [POST] /api/expense/v1/group/categoryExp
2024-04-26T13:50:30.873Z | INFO   | API HIT : [POST] /api/expense/v1/group/monthlyExp
2024-04-26T13:50:30.948Z | INFO   | API HIT : [POST] /api/expense/v1/group/dailyExp
2024-04-26T13:50:35.805Z | INFO   | API HIT : [POST] /api/group/v1/settlement
2024-04-26T13:50:35.869Z | INFO   | API HIT : [POST] /api/group/v1/view
2024-04-26T14:37:20.327Z | INFO   | API HIT : [POST] /api/group/v1/view
2024-04-26T14:37:22.915Z | INFO   | API HIT : [POST] /api/expense/v1/group
2024-04-26T14:37:30.022Z | INFO   | API HIT : [POST] /api/expense/v1/group/categoryExp
2024-04-26T14:37:30.039Z | INFO   | API HIT : [POST] /api/expense/v1/group/monthlyExp
2024-04-26T14:37:31.446Z | INFO   | API HIT : [POST] /api/expense/v1/group/dailyExp
2024-04-29T10:52:50.599Z | INFO   | Server started in PORT | 3001
2024-04-29T10:52:51.764Z | INFO   | DB Connection Established
2024-04-29T10:53:16.944Z | INFO   | API HIT : [POST] /api/expense/v1/user
2024-04-29T10:53:17.986Z | INFO   | API HIT : [POST] /api/group/v1/user
2024-04-29T10:53:21.063Z | INFO   | API HIT : [POST] /api/expense/v1/user/monthlyExp
2024-04-29T10:53:21.070Z | INFO   | API HIT : [POST] /api/group/v1/user
2024-04-29T10:53:21.071Z | INFO   | API HIT : [POST] /api/expense/v1/user/recent
2024-04-29T10:53:21.073Z | INFO   | API HIT : [POST] /api/expense/v1/user/categoryExp
2024-04-29T10:53:22.288Z | INFO   | API HIT : [POST] /api/expense/v1/user/dailyExp
2024-04-29T10:53:33.135Z | INFO   | API HIT : [POST] /api/expense/v1/user
2024-04-29T10:53:33.319Z | INFO   | API HIT : [POST] /api/group/v1/user
2024-04-29T10:53:33.604Z | INFO   | API HIT : [POST] /api/expense/v1/user/monthlyExp
2024-04-29T10:53:33.633Z | INFO   | API HIT : [POST] /api/group/v1/user
2024-04-29T10:53:33.883Z | INFO   | API HIT : [POST] /api/expense/v1/user/recent
2024-04-29T10:53:33.917Z | INFO   | API HIT : [POST] /api/expense/v1/user/categoryExp
2024-04-29T10:53:33.919Z | INFO   | API HIT : [POST] /api/expense/v1/user/dailyExp
2024-05-02T16:58:38.369Z | INFO   | Server started in PORT | 3001
2024-05-02T16:58:38.923Z | INFO   | DB Connection Established
2024-05-02T16:59:46.900Z | INFO   | API HIT : [POST] /api/expense/v1/user
2024-05-02T16:59:47.213Z | INFO   | API HIT : [POST] /api/group/v1/user
2024-05-02T16:59:47.347Z | INFO   | API HIT : [POST] /api/expense/v1/user/monthlyExp
2024-05-02T16:59:47.665Z | INFO   | API HIT : [POST] /api/expense/v1/user/categoryExp
2024-05-02T16:59:47.671Z | INFO   | API HIT : [POST] /api/expense/v1/user/dailyExp
2024-05-02T16:59:47.675Z | INFO   | API HIT : [POST] /api/group/v1/user
2024-05-02T16:59:47.679Z | INFO   | API HIT : [POST] /api/expense/v1/user/recent
2024-05-02T17:00:06.524Z | INFO   | API HIT : [POST] /api/expense/v1/user
2024-05-02T17:00:06.578Z | INFO   | API HIT : [POST] /api/group/v1/user
2024-05-02T17:00:06.679Z | INFO   | API HIT : [POST] /api/expense/v1/user/monthlyExp
2024-05-02T17:00:06.999Z | INFO   | API HIT : [POST] /api/group/v1/user
2024-05-02T17:00:07.003Z | INFO   | API HIT : [POST] /api/expense/v1/user/recent
2024-05-02T17:00:07.008Z | INFO   | API HIT : [POST] /api/expense/v1/user/categoryExp
2024-05-02T17:00:07.011Z | INFO   | API HIT : [POST] /api/expense/v1/user/dailyExp
2024-05-02T17:00:10.063Z | INFO   | API HIT : [POST] /api/expense/v1/user
2024-05-02T17:00:10.108Z | INFO   | API HIT : [POST] /api/group/v1/user
2024-05-02T17:00:10.208Z | INFO   | API HIT : [POST] /api/expense/v1/user/monthlyExp
2024-05-02T17:00:10.516Z | INFO   | API HIT : [POST] /api/group/v1/user
2024-05-02T17:00:10.518Z | INFO   | API HIT : [POST] /api/expense/v1/user/recent
2024-05-02T17:00:10.520Z | INFO   | API HIT : [POST] /api/expense/v1/user/categoryExp
2024-05-02T17:00:10.556Z | INFO   | API HIT : [POST] /api/expense/v1/user/dailyExp
2024-05-02T17:00:51.500Z | INFO   | API HIT : [POST] /api/expense/v1/user
2024-05-02T17:00:51.558Z | INFO   | API HIT : [POST] /api/group/v1/user
2024-05-02T17:00:51.665Z | INFO   | API HIT : [POST] /api/expense/v1/user/monthlyExp
2024-05-02T17:00:51.970Z | INFO   | API HIT : [POST] /api/group/v1/user
2024-05-02T17:00:51.972Z | INFO   | API HIT : [POST] /api/expense/v1/user/recent
2024-05-02T17:00:51.974Z | INFO   | API HIT : [POST] /api/expense/v1/user/categoryExp
2024-05-02T17:00:51.977Z | INFO   | API HIT : [POST] /api/expense/v1/user/dailyExp
2024-05-02T17:01:07.369Z | INFO   | API HIT : [POST] /api/expense/v1/user
2024-05-02T17:01:07.504Z | INFO   | API HIT : [POST] /api/group/v1/user
2024-05-02T17:01:08.174Z | INFO   | API HIT : [POST] /api/expense/v1/user/monthlyExp
2024-05-02T17:01:08.194Z | INFO   | API HIT : [POST] /api/group/v1/user
2024-05-02T17:01:08.197Z | INFO   | API HIT : [POST] /api/expense/v1/user/recent
2024-05-02T17:01:08.199Z | INFO   | API HIT : [POST] /api/expense/v1/user/categoryExp
2024-05-02T17:01:08.429Z | INFO   | API HIT : [POST] /api/expense/v1/user/dailyExp
2024-05-02T17:01:18.282Z | INFO   | API HIT : [POST] /api/expense/v1/user
2024-05-02T17:01:18.333Z | INFO   | API HIT : [POST] /api/group/v1/user
2024-05-02T17:01:18.883Z | INFO   | API HIT : [POST] /api/expense/v1/user/monthlyExp
2024-05-02T17:01:18.886Z | INFO   | API HIT : [POST] /api/group/v1/user
2024-05-02T17:01:18.892Z | INFO   | API HIT : [POST] /api/expense/v1/user/recent
2024-05-02T17:01:18.895Z | INFO   | API HIT : [POST] /api/expense/v1/user/categoryExp
2024-05-02T17:01:19.146Z | INFO   | API HIT : [POST] /api/expense/v1/user/dailyExp
2024-05-02T17:01:22.366Z | INFO   | API HIT : [POST] /api/expense/v1/user
2024-05-02T17:01:22.717Z | INFO   | API HIT : [POST] /api/group/v1/user
2024-05-02T17:01:24.678Z | INFO   | API HIT : [POST] /api/expense/v1/user/monthlyExp
2024-05-02T17:01:24.697Z | INFO   | API HIT : [POST] /api/group/v1/user
2024-05-02T17:01:24.747Z | INFO   | API HIT : [POST] /api/expense/v1/user/recent
2024-05-02T17:01:24.795Z | INFO   | API HIT : [POST] /api/expense/v1/user/categoryExp
2024-05-02T17:01:24.934Z | INFO   | API HIT : [POST] /api/expense/v1/user/dailyExp
2024-05-02T17:06:02.131Z | INFO   | API HIT : [POST] /api/expense/v1/user
2024-05-02T17:06:02.397Z | INFO   | API HIT : [POST] /api/group/v1/user
2024-05-02T17:06:02.525Z | INFO   | API HIT : [POST] /api/expense/v1/user/monthlyExp
2024-05-02T17:06:02.837Z | INFO   | API HIT : [POST] /api/group/v1/user
2024-05-02T17:06:02.841Z | INFO   | API HIT : [POST] /api/expense/v1/user/recent
2024-05-02T17:06:02.847Z | INFO   | API HIT : [POST] /api/expense/v1/user/categoryExp
2024-05-02T17:06:02.884Z | INFO   | API HIT : [POST] /api/expense/v1/user/dailyExp
2024-05-02T17:06:08.677Z | INFO   | API HIT : [POST] /api/users/v1/view
2024-05-02T17:39:52.513Z | INFO   | API HIT : [POST] /api/users/v1/login
2024-05-02T17:40:01.871Z | INFO   | API HIT : [POST] /api/expense/v1/user
2024-05-02T17:40:02.033Z | INFO   | API HIT : [POST] /api/group/v1/user
2024-05-02T17:40:02.372Z | INFO   | API HIT : [POST] /api/expense/v1/user/monthlyExp
2024-05-02T17:40:02.717Z | INFO   | API HIT : [POST] /api/group/v1/user
2024-05-02T17:40:02.720Z | INFO   | API HIT : [POST] /api/expense/v1/user/recent
2024-05-02T17:40:02.730Z | INFO   | API HIT : [POST] /api/expense/v1/user/categoryExp
2024-05-02T17:40:02.735Z | INFO   | API HIT : [POST] /api/expense/v1/user/dailyExp
2024-05-02T17:40:22.212Z | INFO   | API HIT : [POST] /api/group/v1/user
2024-05-02T17:40:25.542Z | INFO   | API HIT : [GET] /api/users/v1/emailList
2024-05-02T17:40:27.898Z | INFO   | API HIT : [GET] /dashboard-main-transparent.png
2024-05-02T17:40:27.908Z | ERROR  | [Invalid Route] /dashboard-main-transparent.png
2024-05-02T17:40:28.195Z | INFO   | API HIT : [GET] /Screenshots/combined-screenshot.png
2024-05-02T17:40:28.196Z | ERROR  | [Invalid Route] /Screenshots/combined-screenshot.png
2024-05-02T17:42:10.009Z | INFO   | API HIT : [POST] /api/expense/v1/user
2024-05-02T17:42:10.061Z | INFO   | API HIT : [POST] /api/group/v1/user
2024-05-02T17:42:10.551Z | INFO   | API HIT : [POST] /api/expense/v1/user/monthlyExp
2024-05-02T17:42:10.556Z | INFO   | API HIT : [POST] /api/group/v1/user
2024-05-02T17:42:10.559Z | INFO   | API HIT : [POST] /api/expense/v1/user/recent
2024-05-02T17:42:10.563Z | INFO   | API HIT : [POST] /api/expense/v1/user/categoryExp
2024-05-02T17:42:10.606Z | INFO   | API HIT : [POST] /api/expense/v1/user/dailyExp
2024-05-02T17:42:14.577Z | INFO   | API HIT : [GET] /api/users/v1/emailList
2024-05-02T17:42:16.051Z | INFO   | API HIT : [POST] /api/group/v1/user
2024-05-02T17:42:21.033Z | INFO   | API HIT : [POST] /api/group/v1/user
2024-05-02T17:43:11.594Z | INFO   | API HIT : [POST] /api/group/v1/user
2024-05-02T17:53:37.752Z | INFO   | API HIT : [POST] /api/expense/v1/user
2024-05-02T17:53:38.606Z | INFO   | API HIT : [POST] /api/group/v1/user
2024-05-02T17:53:38.870Z | INFO   | API HIT : [POST] /api/expense/v1/user/monthlyExp
2024-05-02T17:53:39.012Z | INFO   | API HIT : [POST] /api/group/v1/user
2024-05-02T17:53:39.015Z | INFO   | API HIT : [POST] /api/expense/v1/user/recent
2024-05-02T17:53:39.019Z | INFO   | API HIT : [POST] /api/expense/v1/user/categoryExp
2024-05-02T17:53:39.022Z | INFO   | API HIT : [POST] /api/expense/v1/user/dailyExp
2024-05-02T17:54:00.707Z | INFO   | API HIT : [DELETE] /api/expense/v1/delete
2024-05-02T17:54:02.278Z | INFO   | API HIT : [DELETE] /api/expense/v1/delete
2024-05-02T17:54:04.401Z | INFO   | API HIT : [DELETE] /api/expense/v1/delete
2024-05-02T17:54:05.994Z | INFO   | API HIT : [DELETE] /api/expense/v1/delete
2024-05-02T17:54:06.198Z | INFO   | API HIT : [DELETE] /api/expense/v1/delete
2024-05-02T17:54:06.390Z | INFO   | API HIT : [DELETE] /api/expense/v1/delete
2024-05-02T17:54:08.695Z | ERROR  | URL : /api/expense/v1/delete | staus : 400 | message: Invalid Expense Id
2024-05-02T17:54:08.720Z | ERROR  | URL : /api/expense/v1/delete | staus : 400 | message: Invalid Expense Id
2024-05-02T17:54:09.015Z | INFO   | API HIT : [DELETE] /api/expense/v1/delete
2024-05-02T17:54:09.020Z | INFO   | API HIT : [DELETE] /api/expense/v1/delete
2024-05-02T17:54:09.042Z | ERROR  | URL : /api/expense/v1/delete | staus : 400 | message: Invalid Expense Id
2024-05-02T17:54:09.060Z | ERROR  | URL : /api/expense/v1/delete | staus : 400 | message: Invalid Expense Id
2024-05-02T17:54:10.986Z | INFO   | API HIT : [POST] /api/expense/v1/user
2024-05-02T17:54:11.042Z | INFO   | API HIT : [POST] /api/group/v1/user
2024-05-02T17:54:11.187Z | INFO   | API HIT : [POST] /api/expense/v1/user/monthlyExp
2024-05-02T17:54:11.189Z | INFO   | API HIT : [POST] /api/group/v1/user
2024-05-02T17:54:11.490Z | INFO   | API HIT : [POST] /api/expense/v1/user/recent
2024-05-02T17:54:11.501Z | INFO   | API HIT : [POST] /api/expense/v1/user/categoryExp
2024-05-02T17:54:11.532Z | INFO   | API HIT : [POST] /api/expense/v1/user/dailyExp
2024-05-02T17:54:16.307Z | INFO   | API HIT : [DELETE] /api/expense/v1/delete
2024-05-02T17:54:17.337Z | INFO   | API HIT : [POST] /api/expense/v1/user
2024-05-02T17:54:17.481Z | INFO   | API HIT : [POST] /api/group/v1/user
2024-05-02T17:54:18.000Z | INFO   | API HIT : [POST] /api/expense/v1/user/monthlyExp
2024-05-02T17:54:18.045Z | INFO   | API HIT : [POST] /api/group/v1/user
2024-05-02T17:54:18.056Z | INFO   | API HIT : [POST] /api/expense/v1/user/recent
2024-05-02T17:54:18.062Z | INFO   | API HIT : [POST] /api/expense/v1/user/categoryExp
2024-05-02T17:54:18.064Z | INFO   | API HIT : [POST] /api/expense/v1/user/dailyExp
2024-05-02T17:54:24.560Z | INFO   | API HIT : [DELETE] /api/expense/v1/delete
2024-05-02T17:54:25.229Z | INFO   | API HIT : [POST] /api/expense/v1/user
2024-05-02T17:54:25.291Z | INFO   | API HIT : [POST] /api/group/v1/user
2024-05-02T17:54:25.407Z | INFO   | API HIT : [POST] /api/expense/v1/user/monthlyExp
2024-05-02T17:54:25.711Z | INFO   | API HIT : [POST] /api/group/v1/user
2024-05-02T17:54:25.722Z | INFO   | API HIT : [POST] /api/expense/v1/user/recent
2024-05-02T17:54:25.724Z | INFO   | API HIT : [POST] /api/expense/v1/user/categoryExp
2024-05-02T17:54:25.751Z | INFO   | API HIT : [POST] /api/expense/v1/user/dailyExp
2024-05-02T17:54:33.160Z | INFO   | API HIT : [POST] /api/group/v1/user
2024-05-02T17:54:37.602Z | INFO   | API HIT : [POST] /api/expense/v1/user
2024-05-02T17:54:37.646Z | INFO   | API HIT : [POST] /api/group/v1/user
2024-05-02T17:54:38.059Z | INFO   | API HIT : [POST] /api/expense/v1/user/monthlyExp
2024-05-02T17:54:38.062Z | INFO   | API HIT : [POST] /api/group/v1/user
2024-05-02T17:54:38.064Z | INFO   | API HIT : [POST] /api/expense/v1/user/recent
2024-05-02T17:54:38.066Z | INFO   | API HIT : [POST] /api/expense/v1/user/categoryExp
2024-05-02T17:54:38.307Z | INFO   | API HIT : [POST] /api/expense/v1/user/dailyExp
2024-05-02T17:54:47.109Z | INFO   | API HIT : [POST] /api/group/v1/user
2024-05-02T17:54:53.660Z | INFO   | API HIT : [POST] /api/group/v1/view
2024-05-02T17:54:53.925Z | INFO   | API HIT : [POST] /api/expense/v1/group
2024-05-02T17:54:53.960Z | ERROR  | URL : /api/expense/v1/group | staus : 400 | message: No expense present for the group
2024-05-02T17:55:04.886Z | INFO   | API HIT : [GET] /api/users/v1/emailList
2024-05-02T17:55:05.229Z | INFO   | API HIT : [POST] /api/group/v1/view
2024-05-02T17:55:23.840Z | INFO   | API HIT : [POST] /api/group/v1/view
2024-05-02T17:55:24.182Z | INFO   | API HIT : [POST] /api/expense/v1/group
2024-05-02T17:55:24.209Z | ERROR  | URL : /api/expense/v1/group | staus : 400 | message: No expense present for the group
2024-05-02T17:55:28.561Z | INFO   | API HIT : [GET] /api/users/v1/emailList
2024-05-02T17:55:28.927Z | INFO   | API HIT : [POST] /api/group/v1/view
2024-05-02T17:55:31.654Z | INFO   | API HIT : [POST] /api/group/v1/view
2024-05-02T17:55:32.001Z | INFO   | API HIT : [POST] /api/expense/v1/group
2024-05-02T17:55:32.028Z | ERROR  | URL : /api/expense/v1/group | staus : 400 | message: No expense present for the group
2024-05-02T17:55:35.671Z | INFO   | API HIT : [POST] /api/group/v1/settlement
2024-05-02T17:55:40.956Z | INFO   | API HIT : [POST] /api/group/v1/user
2024-05-02T17:55:43.633Z | INFO   | API HIT : [POST] /api/group/v1/view
2024-05-02T17:55:43.975Z | INFO   | API HIT : [POST] /api/expense/v1/group
2024-05-02T17:55:44.227Z | INFO   | API HIT : [POST] /api/expense/v1/group/categoryExp
2024-05-02T17:55:44.342Z | INFO   | API HIT : [POST] /api/expense/v1/group/monthlyExp
2024-05-02T17:55:44.382Z | INFO   | API HIT : [POST] /api/expense/v1/group/dailyExp
2024-05-02T17:55:51.667Z | INFO   | API HIT : [DELETE] /api/expense/v1/delete
2024-05-02T17:55:52.272Z | INFO   | API HIT : [POST] /api/group/v1/view
2024-05-02T17:55:52.353Z | INFO   | API HIT : [POST] /api/expense/v1/group
2024-05-02T17:55:52.402Z | ERROR  | URL : /api/expense/v1/group | staus : 400 | message: No expense present for the group
2024-05-02T17:55:55.337Z | INFO   | API HIT : [POST] /api/group/v1/settlement
2024-05-02T17:55:55.464Z | INFO   | API HIT : [POST] /api/group/v1/view
2024-05-02T17:56:02.443Z | INFO   | API HIT : [POST] /api/group/v1/makeSettlement
2024-05-02T17:56:07.654Z | INFO   | API HIT : [POST] /api/group/v1/view
2024-05-02T17:56:07.753Z | INFO   | API HIT : [POST] /api/expense/v1/group
2024-05-02T17:56:07.781Z | ERROR  | URL : /api/expense/v1/group | staus : 400 | message: No expense present for the group
2024-05-02T17:56:14.538Z | INFO   | API HIT : [GET] /api/users/v1/emailList
2024-05-02T17:56:14.576Z | INFO   | API HIT : [POST] /api/group/v1/view
2024-05-02T17:56:23.930Z | INFO   | API HIT : [POST] /api/expense/v1/user
2024-05-02T17:56:24.185Z | INFO   | API HIT : [POST] /api/group/v1/user
2024-05-02T17:56:24.349Z | INFO   | API HIT : [POST] /api/expense/v1/user/monthlyExp
2024-05-02T17:56:24.658Z | INFO   | API HIT : [POST] /api/group/v1/user
2024-05-02T17:56:24.662Z | INFO   | API HIT : [POST] /api/expense/v1/user/recent
2024-05-02T17:56:24.665Z | INFO   | API HIT : [POST] /api/expense/v1/user/categoryExp
2024-05-02T17:56:24.668Z | INFO   | API HIT : [POST] /api/expense/v1/user/dailyExp
2024-05-02T17:56:30.462Z | INFO   | API HIT : [POST] /api/group/v1/user
2024-05-02T17:56:49.672Z | INFO   | API HIT : [GET] /api/users/v1/emailList
2024-05-02T17:56:52.970Z | INFO   | API HIT : [POST] /api/expense/v1/user
2024-05-02T17:56:53.233Z | INFO   | API HIT : [POST] /api/group/v1/user
2024-05-02T17:56:53.465Z | INFO   | API HIT : [POST] /api/expense/v1/user/monthlyExp
2024-05-02T17:56:53.640Z | INFO   | API HIT : [POST] /api/group/v1/user
2024-05-02T17:56:53.643Z | INFO   | API HIT : [POST] /api/expense/v1/user/recent
2024-05-02T17:56:53.645Z | INFO   | API HIT : [POST] /api/expense/v1/user/categoryExp
2024-05-02T17:56:53.647Z | INFO   | API HIT : [POST] /api/expense/v1/user/dailyExp
2024-05-04T12:51:33.446Z | INFO   | Server started in PORT | 3001
2024-05-04T12:51:48.669Z | INFO   | DB Connection Established
2024-05-04T12:52:00.405Z | INFO   | API HIT : [POST] /api/expense/v1/user
2024-05-04T12:52:05.627Z | INFO   | API HIT : [POST] /api/group/v1/user
2024-05-04T12:52:47.276Z | INFO   | API HIT : [POST] /api/expense/v1/user/categoryExp
2024-05-04T12:52:47.281Z | INFO   | API HIT : [POST] /api/expense/v1/user/monthlyExp
2024-05-04T12:52:47.287Z | INFO   | API HIT : [POST] /api/group/v1/user
2024-05-04T12:52:47.292Z | INFO   | API HIT : [POST] /api/expense/v1/user/recent
2024-05-04T12:52:48.185Z | INFO   | API HIT : [POST] /api/expense/v1/user/dailyExp
2024-05-04T12:54:55.155Z | INFO   | API HIT : [POST] /api/group/v1/user
2024-05-04T12:54:58.614Z | INFO   | API HIT : [POST] /api/group/v1/view
2024-05-04T12:54:58.731Z | INFO   | API HIT : [POST] /api/expense/v1/group
2024-05-04T12:54:59.178Z | INFO   | API HIT : [POST] /api/expense/v1/group/categoryExp
2024-05-04T12:54:59.181Z | INFO   | API HIT : [POST] /api/expense/v1/group/monthlyExp
2024-05-04T12:54:59.732Z | INFO   | API HIT : [POST] /api/expense/v1/group/dailyExp
2024-05-04T12:55:01.192Z | INFO   | API HIT : [POST] /api/group/v1/view
2024-05-04T13:12:55.660Z | INFO   | API HIT : [POST] /api/group/v1/view
2024-05-04T13:13:02.846Z | INFO   | API HIT : [POST] /api/expense/v1/user
2024-05-04T13:13:02.937Z | INFO   | API HIT : [POST] /api/group/v1/user
2024-05-04T13:13:03.496Z | INFO   | API HIT : [POST] /api/expense/v1/user/monthlyExp
2024-05-04T13:13:03.498Z | INFO   | API HIT : [POST] /api/group/v1/user
2024-05-04T13:13:03.500Z | INFO   | API HIT : [POST] /api/expense/v1/user/recent
2024-05-04T13:13:03.506Z | INFO   | API HIT : [POST] /api/expense/v1/user/categoryExp
2024-05-04T13:13:03.580Z | INFO   | API HIT : [POST] /api/expense/v1/user/dailyExp
2024-05-04T13:47:26.389Z | INFO   | API HIT : [POST] /api/users/v1/register
2024-05-04T13:47:27.164Z | INFO   | API HIT : [POST] /api/users/v1/login
2024-05-04T13:47:28.526Z | INFO   | API HIT : [POST] /api/expense/v1/user
2024-05-04T13:47:28.577Z | ERROR  | URL : /api/expense/v1/user | staus : 400 | message: No expense present for the user
2024-05-04T13:47:28.600Z | INFO   | API HIT : [POST] /api/group/v1/user
2024-05-04T13:47:40.565Z | INFO   | API HIT : [POST] /api/group/v1/user
2024-05-04T13:47:42.806Z | INFO   | API HIT : [POST] /api/expense/v1/user
2024-05-04T13:47:42.841Z | ERROR  | URL : /api/expense/v1/user | staus : 400 | message: No expense present for the user
2024-05-04T13:47:43.047Z | INFO   | API HIT : [POST] /api/group/v1/user
2024-05-04T13:47:44.428Z | INFO   | API HIT : [GET] /api/users/v1/emailList
2024-05-04T13:47:45.285Z | INFO   | API HIT : [POST] /api/group/v1/user
2024-05-04T14:05:57.473Z | INFO   | API HIT : [POST] /api/group/v1/view
2024-05-05T08:04:42.870Z | INFO   | Server started in PORT | 3001
2024-05-05T08:04:44.274Z | INFO   | DB Connection Established
2024-05-05T08:05:22.189Z | INFO   | API HIT : [POST] /api/users/v1/login
2024-05-05T08:05:23.105Z | INFO   | API HIT : [POST] /api/expense/v1/user
2024-05-05T08:05:24.403Z | INFO   | API HIT : [POST] /api/group/v1/user
2024-05-05T08:05:25.277Z | INFO   | API HIT : [POST] /api/expense/v1/user/monthlyExp
2024-05-05T08:05:25.292Z | INFO   | API HIT : [POST] /api/group/v1/user
2024-05-05T08:05:25.299Z | INFO   | API HIT : [POST] /api/expense/v1/user/recent
2024-05-05T08:05:25.311Z | INFO   | API HIT : [POST] /api/expense/v1/user/categoryExp
2024-05-05T08:05:25.599Z | INFO   | API HIT : [POST] /api/expense/v1/user/dailyExp
2024-05-05T08:05:29.232Z | INFO   | API HIT : [POST] /api/group/v1/user
2024-05-05T08:05:32.573Z | INFO   | API HIT : [GET] /api/users/v1/emailList
2024-05-05T08:05:35.617Z | INFO   | API HIT : [POST] /api/group/v1/user
2024-05-05T08:05:37.605Z | INFO   | API HIT : [POST] /api/group/v1/view
2024-05-05T08:05:37.861Z | INFO   | API HIT : [POST] /api/expense/v1/group
2024-05-05T08:05:38.889Z | INFO   | API HIT : [POST] /api/expense/v1/group/categoryExp
2024-05-05T08:05:38.891Z | INFO   | API HIT : [POST] /api/expense/v1/group/monthlyExp
2024-05-05T08:05:39.296Z | INFO   | API HIT : [POST] /api/expense/v1/group/dailyExp
2024-05-05T08:05:40.523Z | INFO   | API HIT : [POST] /api/group/v1/view
2024-05-05T08:05:53.806Z | INFO   | API HIT : [POST] /api/group/v1/view
2024-05-05T08:05:54.217Z | INFO   | API HIT : [POST] /api/expense/v1/group
2024-05-05T08:05:54.499Z | INFO   | API HIT : [POST] /api/expense/v1/group/categoryExp
2024-05-05T08:05:54.803Z | INFO   | API HIT : [POST] /api/expense/v1/group/monthlyExp
2024-05-05T08:05:55.161Z | INFO   | API HIT : [POST] /api/expense/v1/group/dailyExp
2024-05-05T08:05:58.331Z | INFO   | API HIT : [POST] /api/group/v1/view
2024-05-05T08:12:51.701Z | INFO   | API HIT : [POST] /api/group/v1/view
2024-05-05T08:13:43.274Z | INFO   | API HIT : [POST] /api/group/v1/view
2024-05-05T08:13:58.232Z | INFO   | API HIT : [POST] /api/group/v1/view
2024-05-05T09:29:45.315Z | INFO   | API HIT : [POST] /api/expense/v1/user
2024-05-05T09:29:45.635Z | INFO   | API HIT : [POST] /api/group/v1/user
2024-05-05T09:29:45.838Z | INFO   | API HIT : [POST] /api/expense/v1/user/monthlyExp
2024-05-05T09:29:46.154Z | INFO   | API HIT : [POST] /api/group/v1/user
2024-05-05T09:29:46.159Z | INFO   | API HIT : [POST] /api/expense/v1/user/recent
2024-05-05T09:29:46.171Z | INFO   | API HIT : [POST] /api/expense/v1/user/categoryExp
2024-05-05T09:29:46.180Z | INFO   | API HIT : [POST] /api/expense/v1/user/dailyExp
2024-05-05T09:29:53.342Z | INFO   | API HIT : [POST] /api/group/v1/user
2024-05-05T09:29:55.789Z | INFO   | API HIT : [POST] /api/group/v1/view
2024-05-05T09:29:55.847Z | INFO   | API HIT : [POST] /api/expense/v1/group
2024-05-05T09:29:55.887Z | ERROR  | URL : /api/expense/v1/group | staus : 400 | message: No expense present for the group
2024-05-05T09:32:54.307Z | INFO   | Server started in PORT | 3001
2024-05-05T09:32:55.044Z | INFO   | DB Connection Established
2024-05-05T09:33:32.578Z | INFO   | API HIT : [POST] /api/expense/v1/user
2024-05-05T09:33:32.715Z | INFO   | API HIT : [POST] /api/group/v1/user
2024-05-05T09:33:32.916Z | INFO   | API HIT : [POST] /api/group/v1/user
2024-05-05T09:33:32.924Z | INFO   | API HIT : [POST] /api/expense/v1/user/monthlyExp
2024-05-05T09:33:33.213Z | INFO   | API HIT : [POST] /api/expense/v1/user/recent
2024-05-05T09:33:33.227Z | INFO   | API HIT : [POST] /api/expense/v1/user/categoryExp
2024-05-05T09:33:33.233Z | INFO   | API HIT : [POST] /api/expense/v1/user/dailyExp
2024-05-05T09:33:45.392Z | INFO   | API HIT : [POST] /api/group/v1/user
2024-05-05T09:33:46.923Z | INFO   | API HIT : [POST] /api/group/v1/view
2024-05-05T09:33:46.979Z | INFO   | API HIT : [POST] /api/expense/v1/group
2024-05-05T09:33:47.043Z | ERROR  | URL : /api/expense/v1/group | staus : 400 | message: No expense present for the group
