2024-01-27T15:58:02.180Z | ERROR  | DB Connection Fail | MongooseError: The `uri` parameter to `openUri()` must be a string, got "undefined". Make sure the first parameter to `mongoose.connect()` or `mongoose.createConnection()` is a string.
    at Connection.openUri (C:\SplitApp\node_modules\mongoose\lib\connection.js:689:11)
    at C:\SplitApp\node_modules\mongoose\lib\index.js:377:10
    at C:\SplitApp\node_modules\mongoose\lib\helpers\promiseOrCallback.js:32:5
    at new Promise (<anonymous>)
    at promiseOrCallback (C:\SplitApp\node_modules\mongoose\lib\helpers\promiseOrCallback.js:31:10)
    at Mongoose._promiseOrCallback (C:\SplitApp\node_modules\mongoose\lib\index.js:1220:10)
    at Mongoose.connect (C:\SplitApp\node_modules\mongoose\lib\index.js:376:20)
    at Object.<anonymous> (C:\SplitApp\model\schema.js:4:10)
    at Module._compile (node:internal/modules/cjs/loader:1241:14)
    at Module._extensions..js (node:internal/modules/cjs/loader:1295:10)
2024-01-27T15:59:13.076Z | ERROR  | URL : /api/users/v1/register | staus : undefined | message: Operation `users.findOne()` buffering timed out after 10000ms
2024-01-27T16:04:37.611Z | ERROR  | DB Connection Fail | MongooseError: The `uri` parameter to `openUri()` must be a string, got "undefined". Make sure the first parameter to `mongoose.connect()` or `mongoose.createConnection()` is a string.
    at Connection.openUri (C:\SplitApp\node_modules\mongoose\lib\connection.js:689:11)
    at C:\SplitApp\node_modules\mongoose\lib\index.js:377:10
    at C:\SplitApp\node_modules\mongoose\lib\helpers\promiseOrCallback.js:32:5
    at new Promise (<anonymous>)
    at promiseOrCallback (C:\SplitApp\node_modules\mongoose\lib\helpers\promiseOrCallback.js:31:10)
    at Mongoose._promiseOrCallback (C:\SplitApp\node_modules\mongoose\lib\index.js:1220:10)
    at Mongoose.connect (C:\SplitApp\node_modules\mongoose\lib\index.js:376:20)
    at Object.<anonymous> (C:\SplitApp\model\schema.js:4:10)
    at Module._compile (node:internal/modules/cjs/loader:1241:14)
    at Module._extensions..js (node:internal/modules/cjs/loader:1295:10)
2024-01-27T16:04:48.304Z | ERROR  | [Invalid Route] /main.29c431b23e3c0bddbd71.hot-update.json
2024-01-27T16:20:13.985Z | ERROR  | DB Connection Fail | MongooseError: The `uri` parameter to `openUri()` must be a string, got "undefined". Make sure the first parameter to `mongoose.connect()` or `mongoose.createConnection()` is a string.
    at Connection.openUri (C:\SplitApp\node_modules\mongoose\lib\connection.js:689:11)
    at C:\SplitApp\node_modules\mongoose\lib\index.js:377:10
    at C:\SplitApp\node_modules\mongoose\lib\helpers\promiseOrCallback.js:32:5
    at new Promise (<anonymous>)
    at promiseOrCallback (C:\SplitApp\node_modules\mongoose\lib\helpers\promiseOrCallback.js:31:10)
    at Mongoose._promiseOrCallback (C:\SplitApp\node_modules\mongoose\lib\index.js:1220:10)
    at Mongoose.connect (C:\SplitApp\node_modules\mongoose\lib\index.js:376:20)
    at Object.<anonymous> (C:\SplitApp\model\schema.js:4:10)
    at Module._compile (node:internal/modules/cjs/loader:1241:14)
    at Module._extensions..js (node:internal/modules/cjs/loader:1295:10)
2024-01-27T16:21:24.823Z | ERROR  | URL : /api/users/v1/register | staus : undefined | message: Operation `users.findOne()` buffering timed out after 10000ms
2024-01-29T08:36:48.394Z | ERROR  | DB Connection Fail | MongoAPIError: URI must include hostname, domain name, and tld
    at resolveSRVRecord (C:\SplitApp\node_modules\mongodb\lib\connection_string.js:51:25)
    at connect (C:\SplitApp\node_modules\mongodb\lib\operations\connect.js:32:57)
    at C:\SplitApp\node_modules\mongodb\lib\mongo_client.js:131:35
    at maybePromise (C:\SplitApp\node_modules\mongodb\lib\utils.js:410:5)
    at MongoClient.connect (C:\SplitApp\node_modules\mongodb\lib\mongo_client.js:130:41)
    at C:\SplitApp\node_modules\mongoose\lib\connection.js:804:12
    at new Promise (<anonymous>)
    at Connection.openUri (C:\SplitApp\node_modules\mongoose\lib\connection.js:793:19)
    at C:\SplitApp\node_modules\mongoose\lib\index.js:377:10
    at C:\SplitApp\node_modules\mongoose\lib\helpers\promiseOrCallback.js:32:5
2024-01-29T08:49:25.867Z | ERROR  | DB Connection Fail | MongoAPIError: URI must include hostname, domain name, and tld
    at resolveSRVRecord (C:\SplitApp\node_modules\mongodb\lib\connection_string.js:51:25)
    at connect (C:\SplitApp\node_modules\mongodb\lib\operations\connect.js:32:57)
    at C:\SplitApp\node_modules\mongodb\lib\mongo_client.js:131:35
    at maybePromise (C:\SplitApp\node_modules\mongodb\lib\utils.js:410:5)
    at MongoClient.connect (C:\SplitApp\node_modules\mongodb\lib\mongo_client.js:130:41)
    at C:\SplitApp\node_modules\mongoose\lib\connection.js:804:12
    at new Promise (<anonymous>)
    at Connection.openUri (C:\SplitApp\node_modules\mongoose\lib\connection.js:793:19)
    at C:\SplitApp\node_modules\mongoose\lib\index.js:377:10
    at C:\SplitApp\node_modules\mongoose\lib\helpers\promiseOrCallback.js:32:5
2024-01-29T08:54:10.953Z | ERROR  | DB Connection Fail | MongoAPIError: URI must include hostname, domain name, and tld
    at resolveSRVRecord (C:\SplitApp\node_modules\mongodb\lib\connection_string.js:51:25)
    at connect (C:\SplitApp\node_modules\mongodb\lib\operations\connect.js:32:57)
    at C:\SplitApp\node_modules\mongodb\lib\mongo_client.js:131:35
    at maybePromise (C:\SplitApp\node_modules\mongodb\lib\utils.js:410:5)
    at MongoClient.connect (C:\SplitApp\node_modules\mongodb\lib\mongo_client.js:130:41)
    at C:\SplitApp\node_modules\mongoose\lib\connection.js:804:12
    at new Promise (<anonymous>)
    at Connection.openUri (C:\SplitApp\node_modules\mongoose\lib\connection.js:793:19)
    at C:\SplitApp\node_modules\mongoose\lib\index.js:377:10
    at C:\SplitApp\node_modules\mongoose\lib\helpers\promiseOrCallback.js:32:5
2024-01-29T08:55:33.555Z | ERROR  | DB Connection Fail | MongoAPIError: URI must include hostname, domain name, and tld
    at resolveSRVRecord (C:\SplitApp\node_modules\mongodb\lib\connection_string.js:40:15)
    at MongoClient._connect (C:\SplitApp\node_modules\mongodb\lib\mongo_client.js:138:74)
    at C:\SplitApp\node_modules\mongodb\lib\mongo_client.js:123:44
    at maybeCallback (C:\SplitApp\node_modules\mongodb\lib\utils.js:337:21)
    at MongoClient.connect (C:\SplitApp\node_modules\mongodb\lib\mongo_client.js:118:42)
    at C:\SplitApp\node_modules\mongoose\lib\connection.js:810:12
    at new Promise (<anonymous>)
    at Connection.openUri (C:\SplitApp\node_modules\mongoose\lib\connection.js:799:19)
    at C:\SplitApp\node_modules\mongoose\lib\index.js:414:10
    at C:\SplitApp\node_modules\mongoose\lib\helpers\promiseOrCallback.js:41:5
2024-01-29T09:02:50.258Z | ERROR  | DB Connection Fail | MongoAPIError: URI must include hostname, domain name, and tld
    at resolveSRVRecord (C:\SplitApp\node_modules\mongodb\lib\connection_string.js:40:15)
    at MongoClient._connect (C:\SplitApp\node_modules\mongodb\lib\mongo_client.js:138:74)
    at C:\SplitApp\node_modules\mongodb\lib\mongo_client.js:123:44
    at maybeCallback (C:\SplitApp\node_modules\mongodb\lib\utils.js:337:21)
    at MongoClient.connect (C:\SplitApp\node_modules\mongodb\lib\mongo_client.js:118:42)
    at C:\SplitApp\node_modules\mongoose\lib\connection.js:810:12
    at new Promise (<anonymous>)
    at Connection.openUri (C:\SplitApp\node_modules\mongoose\lib\connection.js:799:19)
    at C:\SplitApp\node_modules\mongoose\lib\index.js:414:10
    at C:\SplitApp\node_modules\mongoose\lib\helpers\promiseOrCallback.js:41:5
2024-01-29T09:03:27.450Z | ERROR  | DB Connection Fail | MongoAPIError: URI must include hostname, domain name, and tld
    at resolveSRVRecord (C:\SplitApp\node_modules\mongodb\lib\connection_string.js:40:15)
    at MongoClient._connect (C:\SplitApp\node_modules\mongodb\lib\mongo_client.js:138:74)
    at C:\SplitApp\node_modules\mongodb\lib\mongo_client.js:123:44
    at maybeCallback (C:\SplitApp\node_modules\mongodb\lib\utils.js:337:21)
    at MongoClient.connect (C:\SplitApp\node_modules\mongodb\lib\mongo_client.js:118:42)
    at C:\SplitApp\node_modules\mongoose\lib\connection.js:810:12
    at new Promise (<anonymous>)
    at Connection.openUri (C:\SplitApp\node_modules\mongoose\lib\connection.js:799:19)
    at C:\SplitApp\node_modules\mongoose\lib\index.js:414:10
    at C:\SplitApp\node_modules\mongoose\lib\helpers\promiseOrCallback.js:41:5
2024-01-29T09:13:31.624Z | ERROR  | URL : /api/expense/v1/user | staus : 400 | message: No expense present for the user
2024-01-29T09:14:42.324Z | ERROR  | URL : /api/expense/v1/group | staus : 400 | message: No expense present for the group
2024-01-29T09:20:06.065Z | ERROR  | [Invalid Route] /main.a75915b4d16c9d2d98be.hot-update.json
2024-01-29T09:20:08.009Z | ERROR  | [Invalid Route] /main.a75915b4d16c9d2d98be.hot-update.json
2024-02-27T19:56:16.726Z | ERROR  | URL : /api/expense/v1/user | staus : 400 | message: No expense present for the user
2024-02-27T19:57:34.246Z | ERROR  | URL : /api/expense/v1/group | staus : 400 | message: No expense present for the group
2024-02-27T19:57:48.628Z | ERROR  | URL : /api/expense/v1/group | staus : 400 | message: No expense present for the group
2024-04-26T13:45:06.465Z | ERROR  | URL : /api/expense/v1/group | staus : 400 | message: No expense present for the group
2024-04-26T13:47:18.953Z | ERROR  | URL : /api/users/v1/register | staus : 400 | message: Email validation fail!!
2024-04-26T13:47:42.177Z | ERROR  | URL : /api/expense/v1/user | staus : 400 | message: No expense present for the user
2024-04-26T13:49:11.115Z | ERROR  | URL : /api/expense/v1/group | staus : 400 | message: No expense present for the group
2024-04-26T13:49:30.629Z | ERROR  | URL : /api/expense/v1/group | staus : 400 | message: No expense present for the group
2024-05-02T17:40:27.908Z | ERROR  | [Invalid Route] /dashboard-main-transparent.png
2024-05-02T17:40:28.196Z | ERROR  | [Invalid Route] /Screenshots/combined-screenshot.png
2024-05-02T17:54:08.695Z | ERROR  | URL : /api/expense/v1/delete | staus : 400 | message: Invalid Expense Id
2024-05-02T17:54:08.720Z | ERROR  | URL : /api/expense/v1/delete | staus : 400 | message: Invalid Expense Id
2024-05-02T17:54:09.042Z | ERROR  | URL : /api/expense/v1/delete | staus : 400 | message: Invalid Expense Id
2024-05-02T17:54:09.060Z | ERROR  | URL : /api/expense/v1/delete | staus : 400 | message: Invalid Expense Id
2024-05-02T17:54:53.960Z | ERROR  | URL : /api/expense/v1/group | staus : 400 | message: No expense present for the group
2024-05-02T17:55:24.209Z | ERROR  | URL : /api/expense/v1/group | staus : 400 | message: No expense present for the group
2024-05-02T17:55:32.028Z | ERROR  | URL : /api/expense/v1/group | staus : 400 | message: No expense present for the group
2024-05-02T17:55:52.402Z | ERROR  | URL : /api/expense/v1/group | staus : 400 | message: No expense present for the group
2024-05-02T17:56:07.781Z | ERROR  | URL : /api/expense/v1/group | staus : 400 | message: No expense present for the group
2024-05-04T13:47:28.577Z | ERROR  | URL : /api/expense/v1/user | staus : 400 | message: No expense present for the user
2024-05-04T13:47:42.841Z | ERROR  | URL : /api/expense/v1/user | staus : 400 | message: No expense present for the user
2024-05-05T09:29:55.887Z | ERROR  | URL : /api/expense/v1/group | staus : 400 | message: No expense present for the group
2024-05-05T09:33:47.043Z | ERROR  | URL : /api/expense/v1/group | staus : 400 | message: No expense present for the group
